<?xml version="1.0" encoding="UTF-8"?>
<!-- Generated by org.testng.reporters.JUnitXMLReporter -->
<testsuite ignored="1" hostname="MININT-38JIEIP" failures="0" tests="1" name="Default test" time="3.183" errors="0" timestamp="2024-05-09T21:23:11 IST">
  <testcase classname="com.APITestCases.SampleTests" name="CreatePost" time="3.138"/>
  <testcase classname="com.APITestCases.SampleTests" name="getData" time="0.0">
    <ignored/>
  </testcase> <!-- getData -->
</testsuite> <!-- Default test -->
