<?xml version="1.0" encoding="UTF-8"?>
<testng-results ignored="1" total="2" passed="1" failed="0" skipped="0">
  <reporter-output>
  </reporter-output>
  <suite started-at="2024-05-09T21:23:07 IST" name="Default suite" finished-at="2024-05-09T21:23:10 IST" duration-ms="3183">
    <groups>
    </groups>
    <test started-at="2024-05-09T21:23:07 IST" name="Default test" finished-at="2024-05-09T21:23:10 IST" duration-ms="3183">
      <class name="com.APITestCases.SampleTests">
        <test-method signature="CreatePost()[pri:0, instance:com.APITestCases.SampleTests@a530d0a]" started-at="2024-05-09T21:23:07 IST" name="CreatePost" finished-at="2024-05-09T21:23:10 IST" duration-ms="3138" status="PASS">
          <reporter-output>
          </reporter-output>
        </test-method> <!-- CreatePost -->
      </class> <!-- com.APITestCases.SampleTests -->
    </test> <!-- Default test -->
  </suite> <!-- Default suite -->
</testng-results>
